<?xml version="1.0" encoding="UTF-8"?>
<testng-results ignored="0" total="1" passed="1" failed="0" skipped="0">
  <reporter-output>
  </reporter-output>
  <suite started-at="2024-06-06T17:12:14 IST" name="Default suite" finished-at="2024-06-06T17:12:18 IST" duration-ms="4049">
    <groups>
    </groups>
    <test started-at="2024-06-06T17:12:14 IST" name="Default test" finished-at="2024-06-06T17:12:18 IST" duration-ms="4049">
      <class name="APITest1.getBooking2">
        <test-method signature="getBooking()[pri:0, instance:APITest1.getBooking2@7d446ed1]" started-at="2024-06-06T17:12:14 IST" name="getBooking" finished-at="2024-06-06T17:12:18 IST" duration-ms="3982" status="PASS">
          <reporter-output>
          </reporter-output>
        </test-method> <!-- getBooking -->
      </class> <!-- APITest1.getBooking2 -->
    </test> <!-- Default test -->
  </suite> <!-- Default suite -->
</testng-results>
